2023-10-19T22:20:53.865+03:00  INFO 7272 --- [main] l.v.ProgInzCourseProject2023Application  : Starting ProgInzCourseProject2023Application using Java 17.0.6 with PID 7272 (F:\OneDrive\Dokumenti\Venstpils_Augstskola\Programaturas_inzenierija\Praktiska\Prog_Inz_Course_Project_2023\target\classes started by User in F:\OneDrive\Dokumenti\Venstpils_Augstskola\Programaturas_inzenierija\Praktiska\Prog_Inz_Course_Project_2023)
2023-10-19T22:20:53.867+03:00  INFO 7272 --- [main] l.v.ProgInzCourseProject2023Application  : No active profile set, falling back to 1 default profile: "default"
2023-10-19T22:20:54.288+03:00  INFO 7272 --- [main] .s.d.r.c.RepositoryConfigurationDelegate : Bootstrapping Spring Data JPA repositories in DEFAULT mode.
2023-10-19T22:20:54.355+03:00  INFO 7272 --- [main] .s.d.r.c.RepositoryConfigurationDelegate : Finished Spring Data repository scanning in 53 ms. Found 13 JPA repository interfaces.
2023-10-19T22:20:54.723+03:00  INFO 7272 --- [main] o.s.b.w.embedded.tomcat.TomcatWebServer  : Tomcat initialized with port(s): 7777 (http)
2023-10-19T22:20:54.729+03:00  INFO 7272 --- [main] o.apache.catalina.core.StandardService   : Starting service [Tomcat]
2023-10-19T22:20:54.730+03:00  INFO 7272 --- [main] o.apache.catalina.core.StandardEngine    : Starting Servlet engine: [Apache Tomcat/10.1.8]
2023-10-19T22:20:54.797+03:00  INFO 7272 --- [main] o.a.c.c.C.[Tomcat].[localhost].[/]       : Initializing Spring embedded WebApplicationContext
2023-10-19T22:20:54.798+03:00  INFO 7272 --- [main] w.s.c.ServletWebServerApplicationContext : Root WebApplicationContext: initialization completed in 904 ms
2023-10-19T22:20:54.896+03:00  INFO 7272 --- [main] o.hibernate.jpa.internal.util.LogHelper  : HHH000204: Processing PersistenceUnitInfo [name: default]
2023-10-19T22:20:54.931+03:00  INFO 7272 --- [main] org.hibernate.Version                    : HHH000412: Hibernate ORM core version 6.2.2.Final
2023-10-19T22:20:54.932+03:00  INFO 7272 --- [main] org.hibernate.cfg.Environment            : HHH000406: Using bytecode reflection optimizer
2023-10-19T22:20:55.020+03:00  INFO 7272 --- [main] o.h.b.i.BytecodeProviderInitiator        : HHH000021: Bytecode provider name : bytebuddy
2023-10-19T22:20:55.106+03:00  INFO 7272 --- [main] o.s.o.j.p.SpringPersistenceUnitInfo      : No LoadTimeWeaver setup: ignoring JPA class transformer
2023-10-19T22:20:55.119+03:00  INFO 7272 --- [main] com.zaxxer.hikari.HikariDataSource       : HikariPool-1 - Starting...
2023-10-19T22:20:55.121+03:00  WARN 7272 --- [main] c.zaxxer.hikari.util.DriverDataSource    : Registered driver with driverClassName=com.mysql.jdbc.Driver was not found, trying direct instantiation.
2023-10-19T22:20:55.211+03:00  INFO 7272 --- [main] com.zaxxer.hikari.pool.HikariPool        : HikariPool-1 - Added connection com.mysql.cj.jdbc.ConnectionImpl@270f28cf
2023-10-19T22:20:55.213+03:00  INFO 7272 --- [main] com.zaxxer.hikari.HikariDataSource       : HikariPool-1 - Start completed.
2023-10-19T22:20:55.248+03:00  INFO 7272 --- [main] org.hibernate.orm.dialect                : HHH035001: Using dialect: org.hibernate.dialect.MySQLDialect, version: 5.7
2023-10-19T22:20:55.393+03:00  WARN 7272 --- [main] o.h.boot.model.internal.EntityBinder     : HHH000137: Root entity should not hold a PrimaryKeyJoinColum(s), will be ignored: lv.venta.models.users.AcademicPersonel
2023-10-19T22:20:55.398+03:00  WARN 7272 --- [main] o.h.boot.model.internal.EntityBinder     : HHH000137: Root entity should not hold a PrimaryKeyJoinColum(s), will be ignored: lv.venta.models.users.Student
2023-10-19T22:20:55.450+03:00  INFO 7272 --- [main] o.h.b.i.BytecodeProviderInitiator        : HHH000021: Bytecode provider name : bytebuddy
2023-10-19T22:20:56.067+03:00  INFO 7272 --- [main] o.h.e.t.j.p.i.JtaPlatformInitiator       : HHH000490: Using JtaPlatform implementation: [org.hibernate.engine.transaction.jta.platform.internal.NoJtaPlatform]
2023-10-19T22:20:56.302+03:00  INFO 7272 --- [main] j.LocalContainerEntityManagerFactoryBean : Initialized JPA EntityManagerFactory for persistence unit 'default'
2023-10-19T22:20:56.557+03:00  WARN 7272 --- [main] JpaBaseConfiguration$JpaWebConfiguration : spring.jpa.open-in-view is enabled by default. Therefore, database queries may be performed during view rendering. Explicitly configure spring.jpa.open-in-view to disable this warning
2023-10-19T22:20:56.775+03:00  INFO 7272 --- [main] o.s.s.web.DefaultSecurityFilterChain     : Will secure any request with [org.springframework.security.web.session.DisableEncodeUrlFilter@b1d7b09, org.springframework.security.web.context.request.async.WebAsyncManagerIntegrationFilter@64faf3d, org.springframework.security.web.context.SecurityContextHolderFilter@4d25943d, org.springframework.security.web.header.HeaderWriterFilter@149ef64a, org.springframework.security.web.csrf.CsrfFilter@381d7c4c, org.springframework.security.web.authentication.logout.LogoutFilter@7695184b, org.springframework.security.web.authentication.UsernamePasswordAuthenticationFilter@3431cb1f, org.springframework.security.web.authentication.ui.DefaultLoginPageGeneratingFilter@261c5d1f, org.springframework.security.web.authentication.ui.DefaultLogoutPageGeneratingFilter@3f523dae, org.springframework.security.web.savedrequest.RequestCacheAwareFilter@495a9305, org.springframework.security.web.servletapi.SecurityContextHolderAwareRequestFilter@6a0a0f12, org.springframework.security.web.authentication.AnonymousAuthenticationFilter@7fe40b9f, org.springframework.security.web.access.ExceptionTranslationFilter@1f8ac459, org.springframework.security.web.access.intercept.FilterSecurityInterceptor@73ba3c4b]
2023-10-19T22:20:56.780+03:00  WARN 7272 --- [main] o.s.s.c.a.web.builders.WebSecurity       : You are asking Spring Security to ignore Ant [pattern='/h2-console/**']. This is not recommended -- please use permitAll via HttpSecurity#authorizeHttpRequests instead.
2023-10-19T22:20:56.780+03:00  INFO 7272 --- [main] o.s.s.web.DefaultSecurityFilterChain     : Will not secure Ant [pattern='/h2-console/**']
2023-10-19T22:20:56.974+03:00  INFO 7272 --- [main] o.s.b.w.embedded.tomcat.TomcatWebServer  : Tomcat started on port(s): 7777 (http) with context path ''
2023-10-19T22:20:56.980+03:00  INFO 7272 --- [main] l.v.ProgInzCourseProject2023Application  : Started ProgInzCourseProject2023Application in 3.382 seconds (process running for 3.837)
2023-10-19T22:21:14.865+03:00  INFO 7272 --- [RMI TCP Connection(2)-127.0.0.1] inMXBeanRegistrar$SpringApplicationAdmin : Application shutdown requested.
2023-10-19T22:21:14.876+03:00  INFO 7272 --- [RMI TCP Connection(2)-127.0.0.1] o.apache.catalina.core.StandardService   : Stopping service [Tomcat]
2023-10-19T22:21:14.882+03:00  INFO 7272 --- [RMI TCP Connection(2)-127.0.0.1] j.LocalContainerEntityManagerFactoryBean : Closing JPA EntityManagerFactory for persistence unit 'default'
2023-10-19T22:21:14.883+03:00  INFO 7272 --- [RMI TCP Connection(2)-127.0.0.1] com.zaxxer.hikari.HikariDataSource       : HikariPool-1 - Shutdown initiated...
2023-10-19T22:21:14.890+03:00  INFO 7272 --- [RMI TCP Connection(2)-127.0.0.1] com.zaxxer.hikari.HikariDataSource       : HikariPool-1 - Shutdown completed.
