2023-10-20 00:05:38,621 DEBUG ProfessorController:56 - [] Method: showAllThesis
2023-10-20 00:05:41,513 DEBUG ProfessorController:142 - [] Method: showThesisById
2023-10-20 00:05:44,576 DEBUG ProfessorController:56 - [] Method: showAllThesis
2023-10-20 00:06:14,242 DEBUG ProfessorController:142 - [] Method: showThesisById
2023-10-20 00:06:16,280 DEBUG ProfessorController:193 - [] Method: showUpdateThesisForm
2023-10-20 00:07:01,240 DEBUG ProfessorController:142 - [] Method: showThesisById
2023-10-20 00:07:04,536 DEBUG ProfessorController:56 - [] Method: showAllThesis
2023-10-20 00:07:05,529 DEBUG ProfessorController:142 - [] Method: showThesisById
2023-10-20 00:07:06,615 DEBUG ProfessorController:193 - [] Method: showUpdateThesisForm
2023-10-20 00:07:08,181 DEBUG ProfessorController:142 - [] Method: showThesisById
2023-10-20 00:07:09,198 DEBUG ProfessorController:56 - [] Method: showAllThesis
2023-10-20 00:07:10,137 DEBUG ProfessorController:142 - [] Method: showThesisById
2023-10-20 00:07:11,135 DEBUG ProfessorController:193 - [] Method: showUpdateThesisForm
2023-10-20 00:07:12,606 DEBUG ProfessorController:142 - [] Method: showThesisById
2023-10-20 00:07:13,902 DEBUG ProfessorController:56 - [] Method: showAllThesis
2023-10-20 00:07:15,031 DEBUG ProfessorController:142 - [] Method: showThesisById
2023-10-20 00:07:16,030 DEBUG ProfessorController:193 - [] Method: showUpdateThesisForm
2023-10-20 00:07:18,048 DEBUG ProfessorController:142 - [] Method: showThesisById
2023-10-20 00:07:23,654 DEBUG ProfessorController:56 - [] Method: showAllThesis
2023-10-20 00:07:24,935 DEBUG ProfessorController:142 - [] Method: showThesisById
2023-10-20 00:07:26,350 DEBUG ProfessorController:193 - [] Method: showUpdateThesisForm
2023-10-20 00:09:59,044 DEBUG ProfessorController:193 - [] Method: showUpdateThesisForm
2023-10-20 00:10:02,367 DEBUG ProfessorController:56 - [] Method: showAllThesis
2023-10-20 00:10:03,442 DEBUG ProfessorController:142 - [] Method: showThesisById
2023-10-20 00:10:04,472 DEBUG ProfessorController:193 - [] Method: showUpdateThesisForm
2023-10-20 00:10:09,648 DEBUG ProfessorController:56 - [] Method: showAllThesis
2023-10-20 00:10:24,711 DEBUG ProfessorController:142 - [] Method: showThesisById
2023-10-20 00:10:27,035 DEBUG ProfessorController:177 - [] Method: removeThesisByIdRedirected
2023-10-20 00:10:27,073 WARN  ProfessorController:181 - [] Thesis with ID 8 deleted.
2023-10-20 00:10:27,086 DEBUG ProfessorController:56 - [] Method: showAllThesis
2023-10-20 00:10:35,136 DEBUG ProfessorController:98 - [] Method: showAddThesisForm
2023-10-20 00:11:45,600 DEBUG ProfessorController:116 - [] Method: addNewThesis
2023-10-20 00:11:45,635 WARN  ProfessorController:122 - [] Thesis Mākslīgais IT added by Estere Vitola
2023-10-20 00:11:45,641 DEBUG ProfessorController:77 - [] Method: showThesisBSupervisorId
2023-10-20 00:11:52,564 DEBUG ProfessorController:56 - [] Method: showAllThesis
2023-10-20 00:12:04,304 DEBUG ProfessorController:142 - [] Method: showThesisById
2023-10-20 00:12:07,991 DEBUG ProfessorController:193 - [] Method: showUpdateThesisForm
2023-10-20 00:12:19,578 DEBUG ProfessorController:220 - [] Method: updateThesisById
2023-10-20 00:12:19,602 WARN  ProfessorController:225 - [] Thesis wit ID 1 updated
2023-10-20 00:12:19,608 DEBUG ProfessorController:142 - [] Method: showThesisById
2023-10-20 00:12:21,846 DEBUG ProfessorController:56 - [] Method: showAllThesis
2023-10-20 00:13:34,300 DEBUG StudentController:53 - [] Method: showAwailableThesis
2023-10-20 00:13:42,745 DEBUG StudentController:71 - [] Method: showThesisInformation
